# JRE version: OpenJDK Runtime Environment Temurin-17.0.5+8 (17.0.5+8) (build 17.0.5+8)
# Java VM: OpenJDK 64-Bit Server VM Temurin-17.0.5+8 (17.0.5+8, mixed mode, tiered, compressed oops, compressed class ptrs, parallel gc, windows-amd64)
GC Precious Log:
 CPUs: 12 total, 12 available
 Memory: 7523M
 Large Page Support: Disabled
 NUMA Support: Disabled
 Compressed Oops: Enabled (32-bit)
 Alignments: Space 512K, Generation 512K, Heap 2M
 Heap Min Capacity: 100M
 Heap Initial Capacity: 100M
 Heap Max Capacity: 1G
 Pre-touch: Disabled
 Parallel Workers: 10
Heap:
 PSYoungGen      total 18432K, used 12341K [0x00000000eab00000, 0x00000000ec280000, 0x0000000100000000)
  eden space 16896K, 63% used [0x00000000eab00000,0x00000000eb58d5f8,0x00000000ebb80000)
  from space 1536K, 100% used [0x00000000ebe80000,0x00000000ec000000,0x00000000ec000000)
  to   space 3072K, 0% used [0x00000000ebb80000,0x00000000ebb80000,0x00000000ebe80000)
 ParOldGen       total 92160K, used 83204K [0x00000000c0000000, 0x00000000c5a00000, 0x00000000eab00000)
  object space 92160K, 90% used [0x00000000c0000000,0x00000000c51410a8,0x00000000c5a00000)
 Metaspace       used 54530K, committed 55616K, reserved 1105920K
  class space    used 5757K, committed 6208K, reserved 1048576K
GC Heap History (20 events):
Event: 9.664 GC heap before
{Heap before GC invocations=33 (full 2):
 PSYoungGen      total 23040K, used 22752K [0x00000000eab00000, 0x00000000ec400000, 0x0000000100000000)
  eden space 20480K, 100% used [0x00000000eab00000,0x00000000ebf00000,0x00000000ebf00000)
  from space 2560K, 88% used [0x00000000ec180000,0x00000000ec3b8000,0x00000000ec400000)
  to   space 2560K, 0% used [0x00000000ebf00000,0x00000000ebf00000,0x00000000ec180000)
 ParOldGen       total 68608K, used 43670K [0x00000000c0000000, 0x00000000c4300000, 0x00000000eab00000)
  object space 68608K, 63% used [0x00000000c0000000,0x00000000c2aa5910,0x00000000c4300000)
 Metaspace       used 49167K, committed 50176K, reserved 1097728K
  class space    used 5290K, committed 5760K, reserved 1048576K
}
Event: 9.666 GC heap after
{Heap after GC invocations=33 (full 2):
 PSYoungGen      total 23040K, used 2240K [0x00000000eab00000, 0x00000000ec400000, 0x0000000100000000)
  eden space 20480K, 0% used [0x00000000eab00000,0x00000000eab00000,0x00000000ebf00000)
  from space 2560K, 87% used [0x00000000ebf00000,0x00000000ec130010,0x00000000ec180000)
  to   space 2560K, 0% used [0x00000000ec180000,0x00000000ec180000,0x00000000ec400000)
 ParOldGen       total 68608K, used 45806K [0x00000000c0000000, 0x00000000c4300000, 0x00000000eab00000)
  object space 68608K, 66% used [0x00000000c0000000,0x00000000c2cbb910,0x00000000c4300000)
 Metaspace       used 49167K, committed 50176K, reserved 1097728K
  class space    used 5290K, committed 5760K, reserved 1048576K
}
Event: 9.847 GC heap before
{Heap before GC invocations=34 (full 2):
 PSYoungGen      total 23040K, used 22720K [0x00000000eab00000, 0x00000000ec400000, 0x0000000100000000)
  eden space 20480K, 100% used [0x00000000eab00000,0x00000000ebf00000,0x00000000ebf00000)
  from space 2560K, 87% used [0x00000000ebf00000,0x00000000ec130010,0x00000000ec180000)
  to   space 2560K, 0% used [0x00000000ec180000,0x00000000ec180000,0x00000000ec400000)
 ParOldGen       total 68608K, used 45806K [0x00000000c0000000, 0x00000000c4300000, 0x00000000eab00000)
  object space 68608K, 66% used [0x00000000c0000000,0x00000000c2cbb910,0x00000000c4300000)
 Metaspace       used 50948K, committed 51904K, reserved 1097728K
  class space    used 5457K, committed 5888K, reserved 1048576K
}
Event: 9.849 GC heap after
{Heap after GC invocations=34 (full 2):
 PSYoungGen      total 22016K, used 1032K [0x00000000eab00000, 0x00000000ec300000, 0x0000000100000000)
  eden space 20480K, 0% used [0x00000000eab00000,0x00000000eab00000,0x00000000ebf00000)
  from space 1536K, 67% used [0x00000000ec180000,0x00000000ec282330,0x00000000ec300000)
  to   space 1536K, 0% used [0x00000000ec000000,0x00000000ec000000,0x00000000ec180000)
 ParOldGen       total 68608K, used 47910K [0x00000000c0000000, 0x00000000c4300000, 0x00000000eab00000)
  object space 68608K, 69% used [0x00000000c0000000,0x00000000c2ec9920,0x00000000c4300000)
 Metaspace       used 50948K, committed 51904K, reserved 1097728K
  class space    used 5457K, committed 5888K, reserved 1048576K
}
Event: 10.596 GC heap before
{Heap before GC invocations=35 (full 2):
 PSYoungGen      total 22016K, used 21512K [0x00000000eab00000, 0x00000000ec300000, 0x0000000100000000)
  eden space 20480K, 100% used [0x00000000eab00000,0x00000000ebf00000,0x00000000ebf00000)
  from space 1536K, 67% used [0x00000000ec180000,0x00000000ec282330,0x00000000ec300000)
  to   space 1536K, 0% used [0x00000000ec000000,0x00000000ec000000,0x00000000ec180000)
 ParOldGen       total 68608K, used 47910K [0x00000000c0000000, 0x00000000c4300000, 0x00000000eab00000)
  object space 68608K, 69% used [0x00000000c0000000,0x00000000c2ec9920,0x00000000c4300000)
 Metaspace       used 52316K, committed 53376K, reserved 1097728K
  class space    used 5595K, committed 6080K, reserved 1048576K
}
Event: 10.597 GC heap after
{Heap after GC invocations=35 (full 2):
 PSYoungGen      total 22016K, used 1504K [0x00000000eab00000, 0x00000000ec600000, 0x0000000100000000)
  eden space 20480K, 0% used [0x00000000eab00000,0x00000000eab00000,0x00000000ebf00000)
  from space 1536K, 97% used [0x00000000ec000000,0x00000000ec1780c8,0x00000000ec180000)
  to   space 3584K, 0% used [0x00000000ec280000,0x00000000ec280000,0x00000000ec600000)
 ParOldGen       total 68608K, used 49356K [0x00000000c0000000, 0x00000000c4300000, 0x00000000eab00000)
  object space 68608K, 71% used [0x00000000c0000000,0x00000000c3033088,0x00000000c4300000)
 Metaspace       used 52316K, committed 53376K, reserved 1097728K
  class space    used 5595K, committed 6080K, reserved 1048576K
}
Event: 11.027 GC heap before
{Heap before GC invocations=36 (full 2):
 PSYoungGen      total 22016K, used 21984K [0x00000000eab00000, 0x00000000ec600000, 0x0000000100000000)
  eden space 20480K, 100% used [0x00000000eab00000,0x00000000ebf00000,0x00000000ebf00000)
  from space 1536K, 97% used [0x00000000ec000000,0x00000000ec1780c8,0x00000000ec180000)
  to   space 3584K, 0% used [0x00000000ec280000,0x00000000ec280000,0x00000000ec600000)
 ParOldGen       total 68608K, used 49356K [0x00000000c0000000, 0x00000000c4300000, 0x00000000eab00000)
  object space 68608K, 71% used [0x00000000c0000000,0x00000000c3033088,0x00000000c4300000)
 Metaspace       used 52507K, committed 53568K, reserved 1097728K
  class space    used 5595K, committed 6080K, reserved 1048576K
}
Event: 11.030 GC heap after
{Heap after GC invocations=36 (full 2):
 PSYoungGen      total 22528K, used 2032K [0x00000000eab00000, 0x00000000ec480000, 0x0000000100000000)
  eden space 20480K, 0% used [0x00000000eab00000,0x00000000eab00000,0x00000000ebf00000)
  from space 2048K, 99% used [0x00000000ec280000,0x00000000ec47c010,0x00000000ec480000)
  to   space 2560K, 0% used [0x00000000ebf80000,0x00000000ebf80000,0x00000000ec200000)
 ParOldGen       total 68608K, used 50843K [0x00000000c0000000, 0x00000000c4300000, 0x00000000eab00000)
  object space 68608K, 74% used [0x00000000c0000000,0x00000000c31a6ec8,0x00000000c4300000)
 Metaspace       used 52507K, committed 53568K, reserved 1097728K
  class space    used 5595K, committed 6080K, reserved 1048576K
}
Event: 11.705 GC heap before
{Heap before GC invocations=37 (full 2):
 PSYoungGen      total 22528K, used 22512K [0x00000000eab00000, 0x00000000ec480000, 0x0000000100000000)
  eden space 20480K, 100% used [0x00000000eab00000,0x00000000ebf00000,0x00000000ebf00000)
  from space 2048K, 99% used [0x00000000ec280000,0x00000000ec47c010,0x00000000ec480000)
  to   space 2560K, 0% used [0x00000000ebf80000,0x00000000ebf80000,0x00000000ec200000)
 ParOldGen       total 68608K, used 50843K [0x00000000c0000000, 0x00000000c4300000, 0x00000000eab00000)
  object space 68608K, 74% used [0x00000000c0000000,0x00000000c31a6ec8,0x00000000c4300000)
 Metaspace       used 52811K, committed 53824K, reserved 1097728K
  class space    used 5618K, committed 6080K, reserved 1048576K
}
Event: 11.707 GC heap after
{Heap after GC invocations=37 (full 2):
 PSYoungGen      total 22528K, used 1664K [0x00000000eab00000, 0x00000000ec300000, 0x0000000100000000)
  eden space 20480K, 0% used [0x00000000eab00000,0x00000000eab00000,0x00000000ebf00000)
  from space 2048K, 81% used [0x00000000ebf80000,0x00000000ec120000,0x00000000ec180000)
  to   space 1536K, 0% used [0x00000000ec180000,0x00000000ec180000,0x00000000ec300000)
 ParOldGen       total 68608K, used 52548K [0x00000000c0000000, 0x00000000c4300000, 0x00000000eab00000)
  object space 68608K, 76% used [0x00000000c0000000,0x00000000c3351150,0x00000000c4300000)
 Metaspace       used 52811K, committed 53824K, reserved 1097728K
  class space    used 5618K, committed 6080K, reserved 1048576K
}
Event: 12.319 GC heap before
{Heap before GC invocations=38 (full 2):
 PSYoungGen      total 22528K, used 22144K [0x00000000eab00000, 0x00000000ec300000, 0x0000000100000000)
  eden space 20480K, 100% used [0x00000000eab00000,0x00000000ebf00000,0x00000000ebf00000)
  from space 2048K, 81% used [0x00000000ebf80000,0x00000000ec120000,0x00000000ec180000)
  to   space 1536K, 0% used [0x00000000ec180000,0x00000000ec180000,0x00000000ec300000)
 ParOldGen       total 68608K, used 52548K [0x00000000c0000000, 0x00000000c4300000, 0x00000000eab00000)
  object space 68608K, 76% used [0x00000000c0000000,0x00000000c3351150,0x00000000c4300000)
 Metaspace       used 52987K, committed 54016K, reserved 1097728K
  class space    used 5620K, committed 6080K, reserved 1048576K
}
Event: 12.321 GC heap after
{Heap after GC invocations=38 (full 2):
 PSYoungGen      total 19456K, used 1536K [0x00000000eab00000, 0x00000000ec900000, 0x0000000100000000)
  eden space 17920K, 0% used [0x00000000eab00000,0x00000000eab00000,0x00000000ebc80000)
  from space 1536K, 100% used [0x00000000ec180000,0x00000000ec300000,0x00000000ec300000)
  to   space 5120K, 0% used [0x00000000ebc80000,0x00000000ebc80000,0x00000000ec180000)
 ParOldGen       total 68608K, used 55280K [0x00000000c0000000, 0x00000000c4300000, 0x00000000eab00000)
  object space 68608K, 80% used [0x00000000c0000000,0x00000000c35fc1b8,0x00000000c4300000)
 Metaspace       used 52987K, committed 54016K, reserved 1097728K
  class space    used 5620K, committed 6080K, reserved 1048576K
}
Event: 13.027 GC heap before
{Heap before GC invocations=39 (full 2):
 PSYoungGen      total 19456K, used 19456K [0x00000000eab00000, 0x00000000ec900000, 0x0000000100000000)
  eden space 17920K, 100% used [0x00000000eab00000,0x00000000ebc80000,0x00000000ebc80000)
  from space 1536K, 100% used [0x00000000ec180000,0x00000000ec300000,0x00000000ec300000)
  to   space 5120K, 0% used [0x00000000ebc80000,0x00000000ebc80000,0x00000000ec180000)
 ParOldGen       total 68608K, used 55280K [0x00000000c0000000, 0x00000000c4300000, 0x00000000eab00000)
  object space 68608K, 80% used [0x00000000c0000000,0x00000000c35fc1b8,0x00000000c4300000)
 Metaspace       used 53503K, committed 54592K, reserved 1097728K
  class space    used 5670K, committed 6144K, reserved 1048576K
}
Event: 13.030 GC heap after
{Heap after GC invocations=39 (full 2):
 PSYoungGen      total 19968K, used 1664K [0x00000000eab00000, 0x00000000ec280000, 0x0000000100000000)
  eden space 17920K, 0% used [0x00000000eab00000,0x00000000eab00000,0x00000000ebc80000)
  from space 2048K, 81% used [0x00000000ebc80000,0x00000000ebe20000,0x00000000ebe80000)
  to   space 3072K, 0% used [0x00000000ebf80000,0x00000000ebf80000,0x00000000ec280000)
 ParOldGen       total 68608K, used 56710K [0x00000000c0000000, 0x00000000c4300000, 0x00000000eab00000)
  object space 68608K, 82% used [0x00000000c0000000,0x00000000c3761878,0x00000000c4300000)
 Metaspace       used 53503K, committed 54592K, reserved 1097728K
  class space    used 5670K, committed 6144K, reserved 1048576K
}
Event: 13.876 GC heap before
{Heap before GC invocations=40 (full 2):
 PSYoungGen      total 19968K, used 19584K [0x00000000eab00000, 0x00000000ec280000, 0x0000000100000000)
  eden space 17920K, 100% used [0x00000000eab00000,0x00000000ebc80000,0x00000000ebc80000)
  from space 2048K, 81% used [0x00000000ebc80000,0x00000000ebe20000,0x00000000ebe80000)
  to   space 3072K, 0% used [0x00000000ebf80000,0x00000000ebf80000,0x00000000ec280000)
 ParOldGen       total 68608K, used 56710K [0x00000000c0000000, 0x00000000c4300000, 0x00000000eab00000)
  object space 68608K, 82% used [0x00000000c0000000,0x00000000c3761878,0x00000000c4300000)
 Metaspace       used 53710K, committed 54784K, reserved 1097728K
  class space    used 5686K, committed 6144K, reserved 1048576K
}
Event: 13.878 GC heap after
{Heap after GC invocations=40 (full 2):
 PSYoungGen      total 19456K, used 1280K [0x00000000eab00000, 0x00000000ec100000, 0x0000000100000000)
  eden space 17920K, 0% used [0x00000000eab00000,0x00000000eab00000,0x00000000ebc80000)
  from space 1536K, 83% used [0x00000000ebf80000,0x00000000ec0c0000,0x00000000ec100000)
  to   space 2048K, 0% used [0x00000000ebd00000,0x00000000ebd00000,0x00000000ebf00000)
 ParOldGen       total 68608K, used 58063K [0x00000000c0000000, 0x00000000c4300000, 0x00000000eab00000)
  object space 68608K, 84% used [0x00000000c0000000,0x00000000c38b3f28,0x00000000c4300000)
 Metaspace       used 53710K, committed 54784K, reserved 1097728K
  class space    used 5686K, committed 6144K, reserved 1048576K
}
Event: 14.882 GC heap before
{Heap before GC invocations=41 (full 2):
 PSYoungGen      total 19456K, used 16379K [0x00000000eab00000, 0x00000000ec100000, 0x0000000100000000)
  eden space 17920K, 84% used [0x00000000eab00000,0x00000000eb9bef90,0x00000000ebc80000)
  from space 1536K, 83% used [0x00000000ebf80000,0x00000000ec0c0000,0x00000000ec100000)
  to   space 2048K, 0% used [0x00000000ebd00000,0x00000000ebd00000,0x00000000ebf00000)
 ParOldGen       total 68608K, used 58063K [0x00000000c0000000, 0x00000000c4300000, 0x00000000eab00000)
  object space 68608K, 84% used [0x00000000c0000000,0x00000000c38b3f28,0x00000000c4300000)
 Metaspace       used 54438K, committed 55488K, reserved 1105920K
  class space    used 5753K, committed 6208K, reserved 1048576K
}
Event: 14.883 GC heap after
{Heap after GC invocations=41 (full 2):
 PSYoungGen      total 19456K, used 1265K [0x00000000eab00000, 0x00000000ec000000, 0x0000000100000000)
  eden space 17920K, 0% used [0x00000000eab00000,0x00000000eab00000,0x00000000ebc80000)
  from space 1536K, 82% used [0x00000000ebd00000,0x00000000ebe3c528,0x00000000ebe80000)
  to   space 1536K, 0% used [0x00000000ebe80000,0x00000000ebe80000,0x00000000ec000000)
 ParOldGen       total 68608K, used 59143K [0x00000000c0000000, 0x00000000c4300000, 0x00000000eab00000)
  object space 68608K, 86% used [0x00000000c0000000,0x00000000c39c1f28,0x00000000c4300000)
 Metaspace       used 54438K, committed 55488K, reserved 1105920K
  class space    used 5753K, committed 6208K, reserved 1048576K
}
Event: 14.943 GC heap before
{Heap before GC invocations=42 (full 2):
 PSYoungGen      total 19456K, used 19185K [0x00000000eab00000, 0x00000000ec000000, 0x0000000100000000)
  eden space 17920K, 100% used [0x00000000eab00000,0x00000000ebc80000,0x00000000ebc80000)
  from space 1536K, 82% used [0x00000000ebd00000,0x00000000ebe3c528,0x00000000ebe80000)
  to   space 1536K, 0% used [0x00000000ebe80000,0x00000000ebe80000,0x00000000ec000000)
 ParOldGen       total 92160K, used 82183K [0x00000000c0000000, 0x00000000c5a00000, 0x00000000eab00000)
  object space 92160K, 89% used [0x00000000c0000000,0x00000000c5041f48,0x00000000c5a00000)
 Metaspace       used 54512K, committed 55552K, reserved 1105920K
  class space    used 5756K, committed 6208K, reserved 1048576K
}
Event: 14.945 GC heap after
{Heap after GC invocations=42 (full 2):
 PSYoungGen      total 18432K, used 1536K [0x00000000eab00000, 0x00000000ec280000, 0x0000000100000000)
  eden space 16896K, 0% used [0x00000000eab00000,0x00000000eab00000,0x00000000ebb80000)
  from space 1536K, 100% used [0x00000000ebe80000,0x00000000ec000000,0x00000000ec000000)
  to   space 3072K, 0% used [0x00000000ebb80000,0x00000000ebb80000,0x00000000ebe80000)
 ParOldGen       total 92160K, used 83204K [0x00000000c0000000, 0x00000000c5a00000, 0x00000000eab00000)
  object space 92160K, 90% used [0x00000000c0000000,0x00000000c51410a8,0x00000000c5a00000)
 Metaspace       used 54512K, committed 55552K, reserved 1105920K
  class space    used 5756K, committed 6208K, reserved 1048576K
}

